[debug] [2021-01-18T13:30:50.507Z] ----------------------------------------------------------------------
[debug] [2021-01-18T13:30:50.509Z] Command:       /usr/bin/node /usr/local/bin/firebase login
[debug] [2021-01-18T13:30:50.510Z] CLI Version:   9.2.1
[debug] [2021-01-18T13:30:50.510Z] Platform:      linux
[debug] [2021-01-18T13:30:50.511Z] Node Version:  v10.19.0
[debug] [2021-01-18T13:30:50.511Z] Time:          Mon Jan 18 2021 19:00:50 GMT+0530 (India Standard Time)
[debug] [2021-01-18T13:30:50.511Z] ----------------------------------------------------------------------
[debug] [2021-01-18T13:30:50.511Z] 
[debug] [2021-01-18T13:30:50.513Z] >>> [apiv2][query] GET https://firebase-public.firebaseio.com/cli.json [none]
[info] i  Firebase optionally collects CLI usage and error reporting information to help improve our products. Data is collected in accordance with Google's privacy policy (https://policies.google.com/privacy) and is not used to identify you.
 
[debug] [2021-01-18T13:30:52.754Z] <<< [apiv2][status] GET https://firebase-public.firebaseio.com/cli.json 200
[debug] [2021-01-18T13:30:52.755Z] <<< [apiv2][body] GET https://firebase-public.firebaseio.com/cli.json {"cloudBuildErrorAfter":1594252800000,"cloudBuildWarnAfter":1590019200000,"defaultNode10After":1594252800000,"minVersion":"3.0.5","node8DeploysDisabledAfter":1613390400000,"node8RuntimeDisabledAfter":1615809600000,"node8WarnAfter":1600128000000}
[info] i  To change your data collection preference at any time, run `firebase logout` and log in again. 
[info] 
[info] Visit this URL on this device to log in:
[info] https://accounts.google.com/o/oauth2/auth?client_id=563584335869-fgrhgmd47bqnekij5i8b5pr03ho849e6.apps.googleusercontent.com&scope=email%20openid%20https%3A%2F%2Fwww.googleapis.com%2Fauth%2Fcloudplatformprojects.readonly%20https%3A%2F%2Fwww.googleapis.com%2Fauth%2Ffirebase%20https%3A%2F%2Fwww.googleapis.com%2Fauth%2Fcloud-platform&response_type=code&state=241894968&redirect_uri=http%3A%2F%2Flocalhost%3A9005
[info] 
[info] Waiting for authentication...
[debug] [2021-01-18T13:38:33.794Z] ----------------------------------------------------------------------
[debug] [2021-01-18T13:38:33.796Z] Command:       /usr/bin/node /usr/local/bin/firebase login
[debug] [2021-01-18T13:38:33.797Z] CLI Version:   9.2.1
[debug] [2021-01-18T13:38:33.797Z] Platform:      linux
[debug] [2021-01-18T13:38:33.797Z] Node Version:  v10.19.0
[debug] [2021-01-18T13:38:33.797Z] Time:          Mon Jan 18 2021 19:08:33 GMT+0530 (India Standard Time)
[debug] [2021-01-18T13:38:33.797Z] ----------------------------------------------------------------------
[debug] [2021-01-18T13:38:33.797Z] 
[info] i  Firebase optionally collects CLI usage and error reporting information to help improve our products. Data is collected in accordance with Google's privacy policy (https://policies.google.com/privacy) and is not used to identify you.
 
[info] i  To change your data collection preference at any time, run `firebase logout` and log in again. 
[info] 
[info] Visit this URL on this device to log in:
[info] https://accounts.google.com/o/oauth2/auth?client_id=563584335869-fgrhgmd47bqnekij5i8b5pr03ho849e6.apps.googleusercontent.com&scope=email%20openid%20https%3A%2F%2Fwww.googleapis.com%2Fauth%2Fcloudplatformprojects.readonly%20https%3A%2F%2Fwww.googleapis.com%2Fauth%2Ffirebase%20https%3A%2F%2Fwww.googleapis.com%2Fauth%2Fcloud-platform&response_type=code&state=822653822&redirect_uri=http%3A%2F%2Flocalhost%3A9005
[info] 
[info] Waiting for authentication...
